<?xml version="1.0" encoding="UTF-8"?>
<coverage generated="1591964320725" clover="3.2.0">
  <project timestamp="1591964320725" name="All files">
    <metrics statements="15" coveredstatements="13" conditionals="13" coveredconditionals="7" methods="4" coveredmethods="4" elements="32" coveredelements="24" complexity="0" loc="15" ncloc="15" packages="1" files="1" classes="1"/>
    <file name="functions.js" path="C:\Users\Tristan\Documents\Cours TI\deuxième_Ephec_2TL1\Q2\Projet-devWeb\Web\siteMariage\assets\js\Utils\functions.js">
      <metrics statements="15" coveredstatements="13" conditionals="13" coveredconditionals="7" methods="4" coveredmethods="4"/>
      <line num="2" count="1" type="cond" truecount="3" falsecount="1"/>
      <line num="3" count="0" type="stmt"/>
      <line num="5" count="1" type="stmt"/>
      <line num="11" count="1" type="stmt"/>
      <line num="12" count="1" type="stmt"/>
      <line num="13" count="3" type="stmt"/>
      <line num="15" count="1" type="stmt"/>
      <line num="20" count="1" type="cond" truecount="2" falsecount="5"/>
      <line num="21" count="1" type="stmt"/>
      <line num="23" count="0" type="stmt"/>
      <line num="29" count="1" type="stmt"/>
      <line num="30" count="11" type="cond" truecount="2" falsecount="0"/>
      <line num="31" count="8" type="stmt"/>
      <line num="32" count="8" type="stmt"/>
      <line num="35" count="1" type="stmt"/>
    </file>
  </project>
</coverage>
