{"C:\\Users\\Tristan\\Documents\\Cours TI\\deuxième_Ephec_2TL1\\Q2\\Projet-devWeb\\Web\\siteMariage\\assets\\js\\Utils\\functions.js": {"path":"C:\\Users\\Tristan\\Documents\\Cours TI\\deuxième_Ephec_2TL1\\Q2\\Projet-devWeb\\Web\\siteMariage\\assets\\js\\Utils\\functions.js","statementMap":{"0":{"start":{"line":2,"column":3},"end":{"line":6,"column":4}},"1":{"start":{"line":3,"column":5},"end":{"line":3,"column":18}},"2":{"start":{"line":5,"column":5},"end":{"line":5,"column":17}},"3":{"start":{"line":11,"column":14},"end":{"line":11,"column":15}},"4":{"start":{"line":12,"column":2},"end":{"line":14,"column":3}},"5":{"start":{"line":12,"column":16},"end":{"line":12,"column":17}},"6":{"start":{"line":13,"column":10},"end":{"line":13,"column":44}},"7":{"start":{"line":15,"column":2},"end":{"line":15,"column":15}},"8":{"start":{"line":20,"column":2},"end":{"line":24,"column":3}},"9":{"start":{"line":21,"column":4},"end":{"line":21,"column":16}},"10":{"start":{"line":23,"column":4},"end":{"line":23,"column":17}},"11":{"start":{"line":29,"column":2},"end":{"line":34,"column":3}},"12":{"start":{"line":29,"column":14},"end":{"line":29,"column":15}},"13":{"start":{"line":30,"column":4},"end":{"line":33,"column":5}},"14":{"start":{"line":31,"column":6},"end":{"line":31,"column":24}},"15":{"start":{"line":32,"column":6},"end":{"line":32,"column":9}},"16":{"start":{"line":35,"column":2},"end":{"line":35,"column":16}}},"fnMap":{"0":{"name":"contributionCadeauValide","decl":{"start":{"line":1,"column":16},"end":{"line":1,"column":40}},"loc":{"start":{"line":1,"column":60},"end":{"line":7,"column":1}},"line":1},"1":{"name":"calculTotalRecolte","decl":{"start":{"line":10,"column":16},"end":{"line":10,"column":34}},"loc":{"start":{"line":10,"column":47},"end":{"line":16,"column":1}},"line":10},"2":{"name":"isCheckBox","decl":{"start":{"line":19,"column":16},"end":{"line":19,"column":26}},"loc":{"start":{"line":19,"column":32},"end":{"line":25,"column":1}},"line":19},"3":{"name":"updateTableauAge","decl":{"start":{"line":28,"column":16},"end":{"line":28,"column":32}},"loc":{"start":{"line":28,"column":40},"end":{"line":36,"column":1}},"line":28}},"branchMap":{"0":{"loc":{"start":{"line":2,"column":3},"end":{"line":6,"column":4}},"type":"if","locations":[{"start":{"line":2,"column":3},"end":{"line":6,"column":4}},{"start":{"line":2,"column":3},"end":{"line":6,"column":4}}],"line":2},"1":{"loc":{"start":{"line":2,"column":6},"end":{"line":2,"column":66}},"type":"binary-expr","locations":[{"start":{"line":2,"column":6},"end":{"line":2,"column":39}},{"start":{"line":2,"column":43},"end":{"line":2,"column":66}}],"line":2},"2":{"loc":{"start":{"line":20,"column":2},"end":{"line":24,"column":3}},"type":"if","locations":[{"start":{"line":20,"column":2},"end":{"line":24,"column":3}},{"start":{"line":20,"column":2},"end":{"line":24,"column":3}}],"line":20},"3":{"loc":{"start":{"line":20,"column":5},"end":{"line":20,"column":147}},"type":"binary-expr","locations":[{"start":{"line":20,"column":5},"end":{"line":20,"column":32}},{"start":{"line":20,"column":36},"end":{"line":20,"column":59}},{"start":{"line":20,"column":63},"end":{"line":20,"column":92}},{"start":{"line":20,"column":96},"end":{"line":20,"column":119}},{"start":{"line":20,"column":123},"end":{"line":20,"column":147}}],"line":20},"4":{"loc":{"start":{"line":30,"column":4},"end":{"line":33,"column":5}},"type":"if","locations":[{"start":{"line":30,"column":4},"end":{"line":33,"column":5}},{"start":{"line":30,"column":4},"end":{"line":33,"column":5}}],"line":30}},"s":{"0":1,"1":0,"2":1,"3":1,"4":1,"5":1,"6":3,"7":1,"8":1,"9":1,"10":0,"11":1,"12":1,"13":11,"14":8,"15":8,"16":1},"f":{"0":1,"1":1,"2":1,"3":1},"b":{"0":[0,1],"1":[1,1],"2":[1,0],"3":[1,0,0,0,0],"4":[8,3]},"_coverageSchema":"1a1c01bbd47fc00a2c39e90264f33305004495a9","hash":"3303a68d997464cb4d157f6abc73e9f73c3bef1d"}
}
