TN:
SF:assets\js\Utils\functions.js
FN:1,contributionCadeauValide
FN:10,calculTotalRecolte
FN:19,isCheckBox
FN:36,updateTableauAge
FNF:4
FNH:4
FNDA:1,contributionCadeauValide
FNDA:1,calculTotalRecolte
FNDA:1,isCheckBox
FNDA:1,updateTableauAge
DA:2,1
DA:3,0
DA:5,1
DA:11,1
DA:12,1
DA:13,3
DA:15,1
DA:28,1
DA:29,1
DA:31,0
DA:37,1
DA:38,11
DA:39,8
DA:40,8
DA:43,1
LF:15
LH:13
BRDA:2,0,0,0
BRDA:2,0,1,1
BRDA:2,1,0,1
BRDA:2,1,1,1
BRDA:28,2,0,1
BRDA:28,2,1,0
BRDA:28,3,0,1
BRDA:28,3,1,0
BRDA:28,3,2,0
BRDA:28,3,3,0
BRDA:28,3,4,0
BRDA:38,4,0,8
BRDA:38,4,1,3
BRF:13
BRH:7
end_of_record
